2014-12-07 14:24:47  [ main:0 ] - [ DEBUG ]  SpringJUnit4ClassRunner constructor called with [class com.gbicc.taocraw.ProductTest].
2014-12-07 14:24:47  [ main:38 ] - [ DEBUG ]  Delegating to GenericXmlContextLoader to process context configuration [ContextConfigurationAttributes@e3849c declaringClass = 'com.gbicc.taocraw.ProductTest', locations = '{classpath:applicationContext.xml}', classes = '{}', inheritLocations = true, initializers = '{}', inheritInitializers = true, name = [null], contextLoaderClass = 'org.springframework.test.context.ContextLoader'].
2014-12-07 14:24:47  [ main:40 ] - [ DEBUG ]  Could not find an 'annotation declaring class' for annotation type [org.springframework.test.context.ActiveProfiles] and class [com.gbicc.taocraw.ProductTest]
2014-12-07 14:24:47  [ main:44 ] - [ DEBUG ]  @TestExecutionListeners is not present for class [class com.gbicc.taocraw.ProductTest]: using defaults.
2014-12-07 14:24:47  [ main:48 ] - [ INFO ]  Could not instantiate TestExecutionListener class [org.springframework.test.context.web.ServletTestExecutionListener]. Specify custom listener classes or make the default listener classes (and their dependencies) available.
2014-12-07 14:24:47  [ main:64 ] - [ DEBUG ]  Retrieved @ProfileValueSourceConfiguration [null] for test class [com.gbicc.taocraw.ProductTest]
2014-12-07 14:24:47  [ main:64 ] - [ DEBUG ]  Retrieved ProfileValueSource type [class org.springframework.test.annotation.SystemProfileValueSource] for class [com.gbicc.taocraw.ProductTest]
2014-12-07 14:24:47  [ main:65 ] - [ DEBUG ]  Retrieved @ProfileValueSourceConfiguration [null] for test class [com.gbicc.taocraw.ProductTest]
2014-12-07 14:24:47  [ main:65 ] - [ DEBUG ]  Retrieved ProfileValueSource type [class org.springframework.test.annotation.SystemProfileValueSource] for class [com.gbicc.taocraw.ProductTest]
2014-12-07 14:24:47  [ main:69 ] - [ DEBUG ]  Retrieved @ProfileValueSourceConfiguration [null] for test class [com.gbicc.taocraw.ProductTest]
2014-12-07 14:24:47  [ main:69 ] - [ DEBUG ]  Retrieved ProfileValueSource type [class org.springframework.test.annotation.SystemProfileValueSource] for class [com.gbicc.taocraw.ProductTest]
2014-12-07 14:24:47  [ main:70 ] - [ DEBUG ]  Retrieved @ProfileValueSourceConfiguration [null] for test class [com.gbicc.taocraw.ProductTest]
2014-12-07 14:24:47  [ main:70 ] - [ DEBUG ]  Retrieved ProfileValueSource type [class org.springframework.test.annotation.SystemProfileValueSource] for class [com.gbicc.taocraw.ProductTest]
2014-12-07 14:24:47  [ main:71 ] - [ DEBUG ]  Retrieved @ProfileValueSourceConfiguration [null] for test class [com.gbicc.taocraw.ProductTest]
2014-12-07 14:24:47  [ main:71 ] - [ DEBUG ]  Retrieved ProfileValueSource type [class org.springframework.test.annotation.SystemProfileValueSource] for class [com.gbicc.taocraw.ProductTest]
2014-12-07 14:24:47  [ main:75 ] - [ DEBUG ]  Retrieved @ProfileValueSourceConfiguration [null] for test class [com.gbicc.taocraw.ProductTest]
2014-12-07 14:24:47  [ main:75 ] - [ DEBUG ]  Retrieved ProfileValueSource type [class org.springframework.test.annotation.SystemProfileValueSource] for class [com.gbicc.taocraw.ProductTest]
2014-12-07 14:24:47  [ main:78 ] - [ DEBUG ]  Performing dependency injection for test context [[TestContext@a4488 testClass = ProductTest, testInstance = com.gbicc.taocraw.ProductTest@19762f, testMethod = [null], testException = [null], mergedContextConfiguration = [MergedContextConfiguration@19e215b testClass = ProductTest, locations = '{classpath:applicationContext.xml}', classes = '{}', contextInitializerClasses = '[]', activeProfiles = '{}', contextLoader = 'org.springframework.test.context.support.DelegatingSmartContextLoader', parent = [null]]]].
2014-12-07 14:24:47  [ main:78 ] - [ DEBUG ]  Delegating to GenericXmlContextLoader to load context from [MergedContextConfiguration@19e215b testClass = ProductTest, locations = '{classpath:applicationContext.xml}', classes = '{}', contextInitializerClasses = '[]', activeProfiles = '{}', contextLoader = 'org.springframework.test.context.support.DelegatingSmartContextLoader', parent = [null]].
2014-12-07 14:24:47  [ main:79 ] - [ DEBUG ]  Loading ApplicationContext for merged context configuration [[MergedContextConfiguration@19e215b testClass = ProductTest, locations = '{classpath:applicationContext.xml}', classes = '{}', contextInitializerClasses = '[]', activeProfiles = '{}', contextLoader = 'org.springframework.test.context.support.DelegatingSmartContextLoader', parent = [null]]].
2014-12-07 14:24:47  [ main:228 ] - [ DEBUG ]  Initializing new StandardEnvironment
2014-12-07 14:24:47  [ main:230 ] - [ DEBUG ]  Adding [systemProperties] PropertySource with lowest search precedence
2014-12-07 14:24:47  [ main:232 ] - [ DEBUG ]  Adding [systemEnvironment] PropertySource with lowest search precedence
2014-12-07 14:24:47  [ main:232 ] - [ DEBUG ]  Initialized StandardEnvironment with PropertySources [systemProperties,systemEnvironment]
2014-12-07 14:24:47  [ main:245 ] - [ INFO ]  Loading XML bean definitions from class path resource [applicationContext.xml]
2014-12-07 14:24:47  [ main:260 ] - [ DEBUG ]  Using JAXP provider [com.sun.org.apache.xerces.internal.jaxp.DocumentBuilderFactoryImpl]
2014-12-07 14:24:47  [ main:288 ] - [ DEBUG ]  Loading schema mappings from [META-INF/spring.schemas]
2014-12-07 14:24:47  [ main:291 ] - [ DEBUG ]  Loaded schema mappings: {http://www.springframework.org/schema/util/spring-util.xsd=org/springframework/beans/factory/xml/spring-util-3.2.xsd, http://www.springframework.org/schema/jee/spring-jee-3.2.xsd=org/springframework/ejb/config/spring-jee-3.2.xsd, http://www.springframework.org/schema/mvc/spring-mvc-3.1.xsd=org/springframework/web/servlet/config/spring-mvc-3.1.xsd, http://www.springframework.org/schema/task/spring-task.xsd=org/springframework/scheduling/config/spring-task-3.2.xsd, http://www.springframework.org/schema/beans/spring-beans-3.1.xsd=org/springframework/beans/factory/xml/spring-beans-3.1.xsd, http://www.springframework.org/schema/cache/spring-cache.xsd=org/springframework/cache/config/spring-cache-3.2.xsd, http://www.springframework.org/schema/aop/spring-aop-3.0.xsd=org/springframework/aop/config/spring-aop-3.0.xsd, http://www.springframework.org/schema/task/spring-task-3.1.xsd=org/springframework/scheduling/config/spring-task-3.1.xsd, http://www.springframework.org/schema/aop/spring-aop-2.0.xsd=org/springframework/aop/config/spring-aop-2.0.xsd, http://www.springframework.org/schema/tool/spring-tool-2.5.xsd=org/springframework/beans/factory/xml/spring-tool-2.5.xsd, http://www.springframework.org/schema/beans/spring-beans.xsd=org/springframework/beans/factory/xml/spring-beans-3.2.xsd, http://www.springframework.org/schema/jee/spring-jee-2.5.xsd=org/springframework/ejb/config/spring-jee-2.5.xsd, http://www.springframework.org/schema/jdbc/spring-jdbc-3.1.xsd=org/springframework/jdbc/config/spring-jdbc-3.1.xsd, http://www.springframework.org/schema/tool/spring-tool-3.1.xsd=org/springframework/beans/factory/xml/spring-tool-3.1.xsd, http://www.springframework.org/schema/jee/spring-jee-3.1.xsd=org/springframework/ejb/config/spring-jee-3.1.xsd, http://www.springframework.org/schema/aop/spring-aop.xsd=org/springframework/aop/config/spring-aop-3.2.xsd, http://www.springframework.org/schema/tx/spring-tx-3.2.xsd=org/springframework/transaction/config/spring-tx-3.2.xsd, http://www.springframework.org/schema/context/spring-context-3.2.xsd=org/springframework/context/config/spring-context-3.2.xsd, http://www.springframework.org/schema/beans/spring-beans-2.0.xsd=org/springframework/beans/factory/xml/spring-beans-2.0.xsd, http://www.springframework.org/schema/util/spring-util-3.2.xsd=org/springframework/beans/factory/xml/spring-util-3.2.xsd, http://www.springframework.org/schema/mvc/spring-mvc-3.0.xsd=org/springframework/web/servlet/config/spring-mvc-3.0.xsd, http://www.springframework.org/schema/lang/spring-lang-3.2.xsd=org/springframework/scripting/config/spring-lang-3.2.xsd, http://www.springframework.org/schema/beans/spring-beans-3.0.xsd=org/springframework/beans/factory/xml/spring-beans-3.0.xsd, http://www.springframework.org/schema/cache/spring-cache-3.2.xsd=org/springframework/cache/config/spring-cache-3.2.xsd, http://www.springframework.org/schema/task/spring-task-3.0.xsd=org/springframework/scheduling/config/spring-task-3.0.xsd, http://www.springframework.org/schema/tx/spring-tx-2.5.xsd=org/springframework/transaction/config/spring-tx-2.5.xsd, http://www.springframework.org/schema/context/spring-context-2.5.xsd=org/springframework/context/config/spring-context-2.5.xsd, http://www.springframework.org/schema/jdbc/spring-jdbc-3.0.xsd=org/springframework/jdbc/config/spring-jdbc-3.0.xsd, http://www.springframework.org/schema/tool/spring-tool-3.0.xsd=org/springframework/beans/factory/xml/spring-tool-3.0.xsd, http://www.springframework.org/schema/tx/spring-tx.xsd=org/springframework/transaction/config/spring-tx-3.2.xsd, http://www.springframework.org/schema/lang/spring-lang.xsd=org/springframework/scripting/config/spring-lang-3.2.xsd, http://www.springframework.org/schema/tool/spring-tool-2.0.xsd=org/springframework/beans/factory/xml/spring-tool-2.0.xsd, http://www.springframework.org/schema/util/spring-util-2.5.xsd=org/springframework/beans/factory/xml/spring-util-2.5.xsd, http://www.springframework.org/schema/lang/spring-lang-2.5.xsd=org/springframework/scripting/config/spring-lang-2.5.xsd, http://www.springframework.org/schema/aop/spring-aop-3.2.xsd=org/springframework/aop/config/spring-aop-3.2.xsd, http://www.springframework.org/schema/jee/spring-jee-3.0.xsd=org/springframework/ejb/config/spring-jee-3.0.xsd, http://www.springframework.org/schema/tx/spring-tx-3.1.xsd=org/springframework/transaction/config/spring-tx-3.1.xsd, http://www.springframework.org/schema/jee/spring-jee-2.0.xsd=org/springframework/ejb/config/spring-jee-2.0.xsd, http://www.springframework.org/schema/context/spring-context-3.1.xsd=org/springframework/context/config/spring-context-3.1.xsd, http://www.springframework.org/schema/util/spring-util-3.1.xsd=org/springframework/beans/factory/xml/spring-util-3.1.xsd, http://www.springframework.org/schema/lang/spring-lang-3.1.xsd=org/springframework/scripting/config/spring-lang-3.1.xsd, http://www.springframework.org/schema/cache/spring-cache-3.1.xsd=org/springframework/cache/config/spring-cache-3.1.xsd, http://www.springframework.org/schema/context/spring-context.xsd=org/springframework/context/config/spring-context-3.2.xsd, http://www.springframework.org/schema/jee/spring-jee.xsd=org/springframework/ejb/config/spring-jee-3.2.xsd, http://www.springframework.org/schema/aop/spring-aop-2.5.xsd=org/springframework/aop/config/spring-aop-2.5.xsd, http://www.springframework.org/schema/mvc/spring-mvc.xsd=org/springframework/web/servlet/config/spring-mvc-3.2.xsd, http://www.springframework.org/schema/mvc/spring-mvc-3.2.xsd=org/springframework/web/servlet/config/spring-mvc-3.2.xsd, http://www.springframework.org/schema/jdbc/spring-jdbc.xsd=org/springframework/jdbc/config/spring-jdbc-3.2.xsd, http://www.springframework.org/schema/beans/spring-beans-3.2.xsd=org/springframework/beans/factory/xml/spring-beans-3.2.xsd, http://www.springframework.org/schema/tx/spring-tx-2.0.xsd=org/springframework/transaction/config/spring-tx-2.0.xsd, http://www.springframework.org/schema/aop/spring-aop-3.1.xsd=org/springframework/aop/config/spring-aop-3.1.xsd, http://www.springframework.org/schema/task/spring-task-3.2.xsd=org/springframework/scheduling/config/spring-task-3.2.xsd, http://www.springframework.org/schema/tx/spring-tx-3.0.xsd=org/springframework/transaction/config/spring-tx-3.0.xsd, http://www.springframework.org/schema/context/spring-context-3.0.xsd=org/springframework/context/config/spring-context-3.0.xsd, http://www.springframework.org/schema/tool/spring-tool.xsd=org/springframework/beans/factory/xml/spring-tool-3.2.xsd, http://www.springframework.org/schema/util/spring-util-3.0.xsd=org/springframework/beans/factory/xml/spring-util-3.0.xsd, http://www.springframework.org/schema/lang/spring-lang-3.0.xsd=org/springframework/scripting/config/spring-lang-3.0.xsd, http://www.springframework.org/schema/util/spring-util-2.0.xsd=org/springframework/beans/factory/xml/spring-util-2.0.xsd, http://www.springframework.org/schema/lang/spring-lang-2.0.xsd=org/springframework/scripting/config/spring-lang-2.0.xsd, http://www.springframework.org/schema/jdbc/spring-jdbc-3.2.xsd=org/springframework/jdbc/config/spring-jdbc-3.2.xsd, http://www.springframework.org/schema/tool/spring-tool-3.2.xsd=org/springframework/beans/factory/xml/spring-tool-3.2.xsd, http://www.springframework.org/schema/beans/spring-beans-2.5.xsd=org/springframework/beans/factory/xml/spring-beans-2.5.xsd}
2014-12-07 14:24:47  [ main:292 ] - [ DEBUG ]  Found XML schema [http://www.springframework.org/schema/beans/spring-beans-3.2.xsd] in classpath: org/springframework/beans/factory/xml/spring-beans-3.2.xsd
2014-12-07 14:24:47  [ main:324 ] - [ DEBUG ]  Found XML schema [http://www.springframework.org/schema/util/spring-util-3.2.xsd] in classpath: org/springframework/beans/factory/xml/spring-util-3.2.xsd
2014-12-07 14:24:47  [ main:326 ] - [ DEBUG ]  Found XML schema [http://www.springframework.org/schema/tool/spring-tool-3.2.xsd] in classpath: org/springframework/beans/factory/xml/spring-tool-3.2.xsd
2014-12-07 14:24:47  [ main:332 ] - [ DEBUG ]  Found XML schema [http://www.springframework.org/schema/context/spring-context-3.2.xsd] in classpath: org/springframework/context/config/spring-context-3.2.xsd
2014-12-07 14:24:47  [ main:340 ] - [ DEBUG ]  Found XML schema [http://www.springframework.org/schema/tx/spring-tx-3.2.xsd] in classpath: org/springframework/transaction/config/spring-tx-3.2.xsd
2014-12-07 14:24:47  [ main:346 ] - [ DEBUG ]  Found XML schema [http://www.springframework.org/schema/aop/spring-aop-3.2.xsd] in classpath: org/springframework/aop/config/spring-aop-3.2.xsd
2014-12-07 14:24:47  [ main:356 ] - [ DEBUG ]  Loading bean definitions
2014-12-07 14:24:47  [ main:371 ] - [ DEBUG ]  Loaded NamespaceHandler mappings: {http://www.springframework.org/schema/p=org.springframework.beans.factory.xml.SimplePropertyNamespaceHandler, http://www.springframework.org/schema/mvc=org.springframework.web.servlet.config.MvcNamespaceHandler, http://www.springframework.org/schema/util=org.springframework.beans.factory.xml.UtilNamespaceHandler, http://www.springframework.org/schema/jee=org.springframework.ejb.config.JeeNamespaceHandler, http://www.springframework.org/schema/aop=org.springframework.aop.config.AopNamespaceHandler, http://www.springframework.org/schema/jdbc=org.springframework.jdbc.config.JdbcNamespaceHandler, http://www.springframework.org/schema/cache=org.springframework.cache.config.CacheNamespaceHandler, http://www.springframework.org/schema/c=org.springframework.beans.factory.xml.SimpleConstructorNamespaceHandler, http://www.springframework.org/schema/tx=org.springframework.transaction.config.TxNamespaceHandler, http://www.springframework.org/schema/task=org.springframework.scheduling.config.TaskNamespaceHandler, http://www.springframework.org/schema/lang=org.springframework.scripting.config.LangNamespaceHandler, http://www.springframework.org/schema/context=org.springframework.context.config.ContextNamespaceHandler}
2014-12-07 14:24:47  [ main:418 ] - [ DEBUG ]  Looking for matching resources in directory tree [E:\studyspace\taocraw\target\test-classes\com\gbicc]
2014-12-07 14:24:47  [ main:418 ] - [ DEBUG ]  Searching directory [E:\studyspace\taocraw\target\test-classes\com\gbicc] for files matching pattern [E:/studyspace/taocraw/target/test-classes/com/gbicc/**/*.class]
2014-12-07 14:24:47  [ main:420 ] - [ DEBUG ]  Searching directory [E:\studyspace\taocraw\target\test-classes\com\gbicc\taocraw] for files matching pattern [E:/studyspace/taocraw/target/test-classes/com/gbicc/**/*.class]
2014-12-07 14:24:47  [ main:423 ] - [ DEBUG ]  Looking for matching resources in directory tree [E:\studyspace\taocraw\target\classes\com\gbicc]
2014-12-07 14:24:47  [ main:423 ] - [ DEBUG ]  Searching directory [E:\studyspace\taocraw\target\classes\com\gbicc] for files matching pattern [E:/studyspace/taocraw/target/classes/com/gbicc/**/*.class]
2014-12-07 14:24:47  [ main:424 ] - [ DEBUG ]  Searching directory [E:\studyspace\taocraw\target\classes\com\gbicc\core] for files matching pattern [E:/studyspace/taocraw/target/classes/com/gbicc/**/*.class]
2014-12-07 14:24:47  [ main:424 ] - [ DEBUG ]  Searching directory [E:\studyspace\taocraw\target\classes\com\gbicc\taocraw] for files matching pattern [E:/studyspace/taocraw/target/classes/com/gbicc/**/*.class]
2014-12-07 14:24:47  [ main:425 ] - [ DEBUG ]  Searching directory [E:\studyspace\taocraw\target\classes\com\gbicc\taocraw\craw] for files matching pattern [E:/studyspace/taocraw/target/classes/com/gbicc/**/*.class]
2014-12-07 14:24:47  [ main:426 ] - [ DEBUG ]  Searching directory [E:\studyspace\taocraw\target\classes\com\gbicc\taocraw\param] for files matching pattern [E:/studyspace/taocraw/target/classes/com/gbicc/**/*.class]
2014-12-07 14:24:47  [ main:426 ] - [ DEBUG ]  Searching directory [E:\studyspace\taocraw\target\classes\com\gbicc\taocraw\parse] for files matching pattern [E:/studyspace/taocraw/target/classes/com/gbicc/**/*.class]
2014-12-07 14:24:47  [ main:427 ] - [ DEBUG ]  Searching directory [E:\studyspace\taocraw\target\classes\com\gbicc\taocraw\pojo] for files matching pattern [E:/studyspace/taocraw/target/classes/com/gbicc/**/*.class]
2014-12-07 14:24:47  [ main:429 ] - [ DEBUG ]  Searching directory [E:\studyspace\taocraw\target\classes\com\gbicc\taocraw\util] for files matching pattern [E:/studyspace/taocraw/target/classes/com/gbicc/**/*.class]
2014-12-07 14:24:47  [ main:430 ] - [ DEBUG ]  Resolved location pattern [classpath*:com/gbicc/**/*.class] to resources [file [E:\studyspace\taocraw\target\test-classes\com\gbicc\taocraw\MyTest.class], file [E:\studyspace\taocraw\target\test-classes\com\gbicc\taocraw\ProductTest.class], file [E:\studyspace\taocraw\target\test-classes\com\gbicc\taocraw\SimpleTest.class], file [E:\studyspace\taocraw\target\test-classes\com\gbicc\taocraw\SimpleTest2.class], file [E:\studyspace\taocraw\target\classes\com\gbicc\core\SpringJdbcDao$1.class], file [E:\studyspace\taocraw\target\classes\com\gbicc\core\SpringJdbcDao.class], file [E:\studyspace\taocraw\target\classes\com\gbicc\taocraw\craw\CarCraw.class], file [E:\studyspace\taocraw\target\classes\com\gbicc\taocraw\craw\Craw.class], file [E:\studyspace\taocraw\target\classes\com\gbicc\taocraw\CrawGroup.class], file [E:\studyspace\taocraw\target\classes\com\gbicc\taocraw\CrawPersistence.class], file [E:\studyspace\taocraw\target\classes\com\gbicc\taocraw\param\Param$DESC.class], file [E:\studyspace\taocraw\target\classes\com\gbicc\taocraw\param\Param.class], file [E:\studyspace\taocraw\target\classes\com\gbicc\taocraw\parse\HtmlParse.class], file [E:\studyspace\taocraw\target\classes\com\gbicc\taocraw\parse\JsonParse.class], file [E:\studyspace\taocraw\target\classes\com\gbicc\taocraw\parse\Parse.class], file [E:\studyspace\taocraw\target\classes\com\gbicc\taocraw\pojo\Auction.class], file [E:\studyspace\taocraw\target\classes\com\gbicc\taocraw\pojo\Body.class], file [E:\studyspace\taocraw\target\classes\com\gbicc\taocraw\pojo\Header.class], file [E:\studyspace\taocraw\target\classes\com\gbicc\taocraw\pojo\ItemList.class], file [E:\studyspace\taocraw\target\classes\com\gbicc\taocraw\pojo\ItemListData.class], file [E:\studyspace\taocraw\target\classes\com\gbicc\taocraw\pojo\Module.class], file [E:\studyspace\taocraw\target\classes\com\gbicc\taocraw\pojo\Pager.class], file [E:\studyspace\taocraw\target\classes\com\gbicc\taocraw\pojo\Sortbar.class], file [E:\studyspace\taocraw\target\classes\com\gbicc\taocraw\pojo\SortbarData.class], file [E:\studyspace\taocraw\target\classes\com\gbicc\taocraw\QueryParam.class], file [E:\studyspace\taocraw\target\classes\com\gbicc\taocraw\util\HttpClientUtils.class]]
2014-12-07 14:24:47  [ main:462 ] - [ DEBUG ]  Identified candidate component class: file [E:\studyspace\taocraw\target\classes\com\gbicc\core\SpringJdbcDao.class]
2014-12-07 14:24:47  [ main:464 ] - [ DEBUG ]  Identified candidate component class: file [E:\studyspace\taocraw\target\classes\com\gbicc\taocraw\CrawPersistence.class]
2014-12-07 14:24:47  [ main:511 ] - [ DEBUG ]  Loaded 15 bean definitions from location pattern [classpath:applicationContext.xml]
2014-12-07 14:24:47  [ main:513 ] - [ INFO ]  Refreshing org.springframework.context.support.GenericApplicationContext@1ab11b0: startup date [Sun Dec 07 14:24:47 CST 2014]; root of context hierarchy
2014-12-07 14:24:47  [ main:514 ] - [ DEBUG ]  Bean factory for org.springframework.context.support.GenericApplicationContext@1ab11b0: org.springframework.beans.factory.support.DefaultListableBeanFactory@171120a: defining beans [app,propertyConfigurer,dataSource,jdbcTemplate,springJdbcDao,crawPersistence,org.springframework.context.annotation.internalConfigurationAnnotationProcessor,org.springframework.context.annotation.internalAutowiredAnnotationProcessor,org.springframework.context.annotation.internalRequiredAnnotationProcessor,org.springframework.context.annotation.internalCommonAnnotationProcessor,transactionManager,org.springframework.aop.config.internalAutoProxyCreator,org.springframework.transaction.annotation.AnnotationTransactionAttributeSource#0,org.springframework.transaction.interceptor.TransactionInterceptor#0,org.springframework.transaction.config.internalTransactionAdvisor]; root of factory hierarchy
2014-12-07 14:24:48  [ main:547 ] - [ DEBUG ]  Creating shared instance of singleton bean 'org.springframework.context.annotation.internalConfigurationAnnotationProcessor'
2014-12-07 14:24:48  [ main:547 ] - [ DEBUG ]  Creating instance of bean 'org.springframework.context.annotation.internalConfigurationAnnotationProcessor'
2014-12-07 14:24:48  [ main:568 ] - [ DEBUG ]  Eagerly caching bean 'org.springframework.context.annotation.internalConfigurationAnnotationProcessor' to allow for resolving potential circular references
2014-12-07 14:24:48  [ main:571 ] - [ DEBUG ]  Finished creating instance of bean 'org.springframework.context.annotation.internalConfigurationAnnotationProcessor'
2014-12-07 14:24:48  [ main:622 ] - [ DEBUG ]  Creating shared instance of singleton bean 'propertyConfigurer'
2014-12-07 14:24:48  [ main:622 ] - [ DEBUG ]  Creating instance of bean 'propertyConfigurer'
2014-12-07 14:24:48  [ main:624 ] - [ DEBUG ]  Eagerly caching bean 'propertyConfigurer' to allow for resolving potential circular references
2014-12-07 14:24:48  [ main:668 ] - [ DEBUG ]  Finished creating instance of bean 'propertyConfigurer'
2014-12-07 14:24:48  [ main:668 ] - [ INFO ]  Loading properties file from class path resource [config/db.properties]
2014-12-07 14:24:48  [ main:673 ] - [ DEBUG ]  Creating shared instance of singleton bean 'org.springframework.context.annotation.internalAutowiredAnnotationProcessor'
2014-12-07 14:24:48  [ main:673 ] - [ DEBUG ]  Creating instance of bean 'org.springframework.context.annotation.internalAutowiredAnnotationProcessor'
2014-12-07 14:24:48  [ main:675 ] - [ DEBUG ]  Eagerly caching bean 'org.springframework.context.annotation.internalAutowiredAnnotationProcessor' to allow for resolving potential circular references
2014-12-07 14:24:48  [ main:675 ] - [ DEBUG ]  Finished creating instance of bean 'org.springframework.context.annotation.internalAutowiredAnnotationProcessor'
2014-12-07 14:24:48  [ main:675 ] - [ DEBUG ]  Creating shared instance of singleton bean 'org.springframework.context.annotation.internalRequiredAnnotationProcessor'
2014-12-07 14:24:48  [ main:675 ] - [ DEBUG ]  Creating instance of bean 'org.springframework.context.annotation.internalRequiredAnnotationProcessor'
2014-12-07 14:24:48  [ main:678 ] - [ DEBUG ]  Eagerly caching bean 'org.springframework.context.annotation.internalRequiredAnnotationProcessor' to allow for resolving potential circular references
2014-12-07 14:24:48  [ main:678 ] - [ DEBUG ]  Finished creating instance of bean 'org.springframework.context.annotation.internalRequiredAnnotationProcessor'
2014-12-07 14:24:48  [ main:678 ] - [ DEBUG ]  Creating shared instance of singleton bean 'org.springframework.context.annotation.internalCommonAnnotationProcessor'
2014-12-07 14:24:48  [ main:678 ] - [ DEBUG ]  Creating instance of bean 'org.springframework.context.annotation.internalCommonAnnotationProcessor'
2014-12-07 14:24:48  [ main:684 ] - [ DEBUG ]  Eagerly caching bean 'org.springframework.context.annotation.internalCommonAnnotationProcessor' to allow for resolving potential circular references
2014-12-07 14:24:48  [ main:684 ] - [ DEBUG ]  Finished creating instance of bean 'org.springframework.context.annotation.internalCommonAnnotationProcessor'
2014-12-07 14:24:48  [ main:684 ] - [ DEBUG ]  Creating shared instance of singleton bean 'org.springframework.context.annotation.ConfigurationClassPostProcessor.importAwareProcessor'
2014-12-07 14:24:48  [ main:684 ] - [ DEBUG ]  Creating instance of bean 'org.springframework.context.annotation.ConfigurationClassPostProcessor.importAwareProcessor'
2014-12-07 14:24:48  [ main:685 ] - [ DEBUG ]  Eagerly caching bean 'org.springframework.context.annotation.ConfigurationClassPostProcessor.importAwareProcessor' to allow for resolving potential circular references
2014-12-07 14:24:48  [ main:685 ] - [ DEBUG ]  Finished creating instance of bean 'org.springframework.context.annotation.ConfigurationClassPostProcessor.importAwareProcessor'
2014-12-07 14:24:48  [ main:685 ] - [ DEBUG ]  Creating shared instance of singleton bean 'org.springframework.aop.config.internalAutoProxyCreator'
2014-12-07 14:24:48  [ main:685 ] - [ DEBUG ]  Creating instance of bean 'org.springframework.aop.config.internalAutoProxyCreator'
2014-12-07 14:24:48  [ main:718 ] - [ DEBUG ]  Eagerly caching bean 'org.springframework.aop.config.internalAutoProxyCreator' to allow for resolving potential circular references
2014-12-07 14:24:48  [ main:732 ] - [ DEBUG ]  Finished creating instance of bean 'org.springframework.aop.config.internalAutoProxyCreator'
2014-12-07 14:24:48  [ main:736 ] - [ DEBUG ]  Unable to locate MessageSource with name 'messageSource': using default [org.springframework.context.support.DelegatingMessageSource@b9b67b]
2014-12-07 14:24:48  [ main:741 ] - [ DEBUG ]  Unable to locate ApplicationEventMulticaster with name 'applicationEventMulticaster': using default [org.springframework.context.event.SimpleApplicationEventMulticaster@eb2133]
2014-12-07 14:24:48  [ main:744 ] - [ INFO ]  Pre-instantiating singletons in org.springframework.beans.factory.support.DefaultListableBeanFactory@171120a: defining beans [app,propertyConfigurer,dataSource,jdbcTemplate,springJdbcDao,crawPersistence,org.springframework.context.annotation.internalConfigurationAnnotationProcessor,org.springframework.context.annotation.internalAutowiredAnnotationProcessor,org.springframework.context.annotation.internalRequiredAnnotationProcessor,org.springframework.context.annotation.internalCommonAnnotationProcessor,transactionManager,org.springframework.aop.config.internalAutoProxyCreator,org.springframework.transaction.annotation.AnnotationTransactionAttributeSource#0,org.springframework.transaction.interceptor.TransactionInterceptor#0,org.springframework.transaction.config.internalTransactionAdvisor,org.springframework.context.annotation.ConfigurationClassPostProcessor.importAwareProcessor]; root of factory hierarchy
2014-12-07 14:24:48  [ main:744 ] - [ DEBUG ]  Creating shared instance of singleton bean 'app'
2014-12-07 14:24:48  [ main:744 ] - [ DEBUG ]  Creating instance of bean 'app'
2014-12-07 14:24:48  [ main:746 ] - [ DEBUG ]  Creating shared instance of singleton bean 'org.springframework.transaction.config.internalTransactionAdvisor'
2014-12-07 14:24:48  [ main:746 ] - [ DEBUG ]  Creating instance of bean 'org.springframework.transaction.config.internalTransactionAdvisor'
2014-12-07 14:24:48  [ main:747 ] - [ DEBUG ]  Eagerly caching bean 'org.springframework.transaction.config.internalTransactionAdvisor' to allow for resolving potential circular references
2014-12-07 14:24:48  [ main:753 ] - [ DEBUG ]  Creating shared instance of singleton bean 'org.springframework.transaction.annotation.AnnotationTransactionAttributeSource#0'
2014-12-07 14:24:48  [ main:753 ] - [ DEBUG ]  Creating instance of bean 'org.springframework.transaction.annotation.AnnotationTransactionAttributeSource#0'
2014-12-07 14:24:48  [ main:753 ] - [ DEBUG ]  Skipping currently created advisor 'org.springframework.transaction.config.internalTransactionAdvisor'
2014-12-07 14:24:48  [ main:754 ] - [ DEBUG ]  Eagerly caching bean 'org.springframework.transaction.annotation.AnnotationTransactionAttributeSource#0' to allow for resolving potential circular references
2014-12-07 14:24:48  [ main:758 ] - [ DEBUG ]  Skipping currently created advisor 'org.springframework.transaction.config.internalTransactionAdvisor'
2014-12-07 14:24:48  [ main:758 ] - [ DEBUG ]  Skipping currently created advisor 'org.springframework.transaction.config.internalTransactionAdvisor'
2014-12-07 14:24:48  [ main:760 ] - [ DEBUG ]  Finished creating instance of bean 'org.springframework.transaction.annotation.AnnotationTransactionAttributeSource#0'
2014-12-07 14:24:48  [ main:761 ] - [ DEBUG ]  Finished creating instance of bean 'org.springframework.transaction.config.internalTransactionAdvisor'
2014-12-07 14:24:48  [ main:764 ] - [ DEBUG ]  Eagerly caching bean 'app' to allow for resolving potential circular references
2014-12-07 14:24:48  [ main:772 ] - [ DEBUG ]  Invoking afterPropertiesSet() on bean with name 'app'
2014-12-07 14:24:48  [ main:772 ] - [ INFO ]  Loading properties file from class path resource [config/sysconfig.properties]
2014-12-07 14:24:48  [ main:772 ] - [ DEBUG ]  Returning cached instance of singleton bean 'org.springframework.transaction.config.internalTransactionAdvisor'
2014-12-07 14:24:48  [ main:772 ] - [ DEBUG ]  Returning cached instance of singleton bean 'org.springframework.transaction.config.internalTransactionAdvisor'
2014-12-07 14:24:48  [ main:775 ] - [ DEBUG ]  Finished creating instance of bean 'app'
2014-12-07 14:24:48  [ main:775 ] - [ DEBUG ]  Returning cached instance of singleton bean 'propertyConfigurer'
2014-12-07 14:24:48  [ main:775 ] - [ DEBUG ]  Creating shared instance of singleton bean 'dataSource'
2014-12-07 14:24:48  [ main:775 ] - [ DEBUG ]  Creating instance of bean 'dataSource'
2014-12-07 14:24:48  [ main:775 ] - [ DEBUG ]  Returning cached instance of singleton bean 'org.springframework.transaction.config.internalTransactionAdvisor'
2014-12-07 14:24:48  [ main:807 ] - [ DEBUG ]  Eagerly caching bean 'dataSource' to allow for resolving potential circular references
2014-12-07 14:24:48  [ main:864 ] - [ DEBUG ]  Invoking init method  'init' on bean with name 'dataSource'
2014-12-07 14:24:48  [ main:1179 ] - [ INFO ]  {dataSource-1} inited
2014-12-07 14:24:48  [ main:1179 ] - [ DEBUG ]  Returning cached instance of singleton bean 'org.springframework.transaction.config.internalTransactionAdvisor'
2014-12-07 14:24:48  [ main:1179 ] - [ DEBUG ]  Returning cached instance of singleton bean 'org.springframework.transaction.config.internalTransactionAdvisor'
2014-12-07 14:24:48  [ main:1189 ] - [ DEBUG ]  Finished creating instance of bean 'dataSource'
2014-12-07 14:24:48  [ main:1189 ] - [ DEBUG ]  Creating shared instance of singleton bean 'jdbcTemplate'
2014-12-07 14:24:48  [ main:1189 ] - [ DEBUG ]  Creating instance of bean 'jdbcTemplate'
2014-12-07 14:24:48  [ main:1189 ] - [ DEBUG ]  Returning cached instance of singleton bean 'org.springframework.transaction.config.internalTransactionAdvisor'
2014-12-07 14:24:48  [ main:1206 ] - [ DEBUG ]  Eagerly caching bean 'jdbcTemplate' to allow for resolving potential circular references
2014-12-07 14:24:48  [ main:1210 ] - [ DEBUG ]  Returning cached instance of singleton bean 'dataSource'
2014-12-07 14:24:48  [ main:1211 ] - [ DEBUG ]  Invoking afterPropertiesSet() on bean with name 'jdbcTemplate'
2014-12-07 14:24:48  [ main:1211 ] - [ DEBUG ]  Returning cached instance of singleton bean 'org.springframework.transaction.config.internalTransactionAdvisor'
2014-12-07 14:24:48  [ main:1211 ] - [ DEBUG ]  Returning cached instance of singleton bean 'org.springframework.transaction.config.internalTransactionAdvisor'
2014-12-07 14:24:48  [ main:1214 ] - [ DEBUG ]  Finished creating instance of bean 'jdbcTemplate'
2014-12-07 14:24:48  [ main:1214 ] - [ DEBUG ]  Creating shared instance of singleton bean 'springJdbcDao'
2014-12-07 14:24:48  [ main:1214 ] - [ DEBUG ]  Creating instance of bean 'springJdbcDao'
2014-12-07 14:24:48  [ main:1215 ] - [ DEBUG ]  Returning cached instance of singleton bean 'org.springframework.transaction.config.internalTransactionAdvisor'
2014-12-07 14:24:48  [ main:1217 ] - [ DEBUG ]  Registered injected element on class [com.gbicc.core.SpringJdbcDao]: AutowiredFieldElement for private org.springframework.jdbc.core.JdbcTemplate com.gbicc.core.SpringJdbcDao.jdbcTemplate
2014-12-07 14:24:48  [ main:1217 ] - [ DEBUG ]  Eagerly caching bean 'springJdbcDao' to allow for resolving potential circular references
2014-12-07 14:24:48  [ main:1219 ] - [ DEBUG ]  Processing injected method of bean 'springJdbcDao': AutowiredFieldElement for private org.springframework.jdbc.core.JdbcTemplate com.gbicc.core.SpringJdbcDao.jdbcTemplate
2014-12-07 14:24:48  [ main:1220 ] - [ DEBUG ]  Returning cached instance of singleton bean 'jdbcTemplate'
2014-12-07 14:24:48  [ main:1220 ] - [ DEBUG ]  Autowiring by type from bean name 'springJdbcDao' to bean named 'jdbcTemplate'
2014-12-07 14:24:48  [ main:1221 ] - [ DEBUG ]  Returning cached instance of singleton bean 'org.springframework.transaction.config.internalTransactionAdvisor'
2014-12-07 14:24:48  [ main:1221 ] - [ DEBUG ]  Returning cached instance of singleton bean 'org.springframework.transaction.config.internalTransactionAdvisor'
2014-12-07 14:24:48  [ main:1221 ] - [ DEBUG ]  Finished creating instance of bean 'springJdbcDao'
2014-12-07 14:24:48  [ main:1221 ] - [ DEBUG ]  Creating shared instance of singleton bean 'crawPersistence'
2014-12-07 14:24:48  [ main:1221 ] - [ DEBUG ]  Creating instance of bean 'crawPersistence'
2014-12-07 14:24:48  [ main:1221 ] - [ DEBUG ]  Returning cached instance of singleton bean 'org.springframework.transaction.config.internalTransactionAdvisor'
2014-12-07 14:24:48  [ main:1239 ] - [ DEBUG ]  Registered injected element on class [com.gbicc.taocraw.CrawPersistence]: AutowiredFieldElement for private com.gbicc.core.SpringJdbcDao com.gbicc.taocraw.CrawPersistence.springJdbcDao
2014-12-07 14:24:48  [ main:1239 ] - [ DEBUG ]  Eagerly caching bean 'crawPersistence' to allow for resolving potential circular references
2014-12-07 14:24:48  [ main:1241 ] - [ DEBUG ]  Processing injected method of bean 'crawPersistence': AutowiredFieldElement for private com.gbicc.core.SpringJdbcDao com.gbicc.taocraw.CrawPersistence.springJdbcDao
2014-12-07 14:24:48  [ main:1241 ] - [ DEBUG ]  Returning cached instance of singleton bean 'springJdbcDao'
2014-12-07 14:24:48  [ main:1241 ] - [ DEBUG ]  Autowiring by type from bean name 'crawPersistence' to bean named 'springJdbcDao'
2014-12-07 14:24:48  [ main:1241 ] - [ DEBUG ]  Returning cached instance of singleton bean 'org.springframework.transaction.config.internalTransactionAdvisor'
2014-12-07 14:24:48  [ main:1241 ] - [ DEBUG ]  Returning cached instance of singleton bean 'org.springframework.transaction.config.internalTransactionAdvisor'
2014-12-07 14:24:48  [ main:1241 ] - [ DEBUG ]  Finished creating instance of bean 'crawPersistence'
2014-12-07 14:24:48  [ main:1242 ] - [ DEBUG ]  Returning cached instance of singleton bean 'org.springframework.context.annotation.internalConfigurationAnnotationProcessor'
2014-12-07 14:24:48  [ main:1242 ] - [ DEBUG ]  Returning cached instance of singleton bean 'org.springframework.context.annotation.internalAutowiredAnnotationProcessor'
2014-12-07 14:24:48  [ main:1242 ] - [ DEBUG ]  Returning cached instance of singleton bean 'org.springframework.context.annotation.internalRequiredAnnotationProcessor'
2014-12-07 14:24:48  [ main:1242 ] - [ DEBUG ]  Returning cached instance of singleton bean 'org.springframework.context.annotation.internalCommonAnnotationProcessor'
2014-12-07 14:24:48  [ main:1242 ] - [ DEBUG ]  Creating shared instance of singleton bean 'transactionManager'
2014-12-07 14:24:48  [ main:1242 ] - [ DEBUG ]  Creating instance of bean 'transactionManager'
2014-12-07 14:24:48  [ main:1242 ] - [ DEBUG ]  Returning cached instance of singleton bean 'org.springframework.transaction.config.internalTransactionAdvisor'
2014-12-07 14:24:48  [ main:1250 ] - [ DEBUG ]  Eagerly caching bean 'transactionManager' to allow for resolving potential circular references
2014-12-07 14:24:48  [ main:1253 ] - [ DEBUG ]  Returning cached instance of singleton bean 'dataSource'
2014-12-07 14:24:48  [ main:1254 ] - [ DEBUG ]  Invoking afterPropertiesSet() on bean with name 'transactionManager'
2014-12-07 14:24:48  [ main:1254 ] - [ DEBUG ]  Returning cached instance of singleton bean 'org.springframework.transaction.config.internalTransactionAdvisor'
2014-12-07 14:24:48  [ main:1255 ] - [ DEBUG ]  Returning cached instance of singleton bean 'org.springframework.transaction.config.internalTransactionAdvisor'
2014-12-07 14:24:48  [ main:1256 ] - [ DEBUG ]  Finished creating instance of bean 'transactionManager'
2014-12-07 14:24:48  [ main:1256 ] - [ DEBUG ]  Returning cached instance of singleton bean 'org.springframework.aop.config.internalAutoProxyCreator'
2014-12-07 14:24:48  [ main:1256 ] - [ DEBUG ]  Returning cached instance of singleton bean 'org.springframework.transaction.annotation.AnnotationTransactionAttributeSource#0'
2014-12-07 14:24:48  [ main:1256 ] - [ DEBUG ]  Creating shared instance of singleton bean 'org.springframework.transaction.interceptor.TransactionInterceptor#0'
2014-12-07 14:24:48  [ main:1257 ] - [ DEBUG ]  Creating instance of bean 'org.springframework.transaction.interceptor.TransactionInterceptor#0'
2014-12-07 14:24:48  [ main:1260 ] - [ DEBUG ]  Eagerly caching bean 'org.springframework.transaction.interceptor.TransactionInterceptor#0' to allow for resolving potential circular references
2014-12-07 14:24:48  [ main:1264 ] - [ DEBUG ]  Returning cached instance of singleton bean 'org.springframework.transaction.annotation.AnnotationTransactionAttributeSource#0'
2014-12-07 14:24:48  [ main:1264 ] - [ DEBUG ]  Invoking afterPropertiesSet() on bean with name 'org.springframework.transaction.interceptor.TransactionInterceptor#0'
2014-12-07 14:24:48  [ main:1264 ] - [ DEBUG ]  Finished creating instance of bean 'org.springframework.transaction.interceptor.TransactionInterceptor#0'
2014-12-07 14:24:48  [ main:1264 ] - [ DEBUG ]  Returning cached instance of singleton bean 'org.springframework.transaction.config.internalTransactionAdvisor'
2014-12-07 14:24:48  [ main:1264 ] - [ DEBUG ]  Returning cached instance of singleton bean 'org.springframework.context.annotation.ConfigurationClassPostProcessor.importAwareProcessor'
2014-12-07 14:24:48  [ main:1266 ] - [ DEBUG ]  Unable to locate LifecycleProcessor with name 'lifecycleProcessor': using default [org.springframework.context.support.DefaultLifecycleProcessor@1665a0d]
2014-12-07 14:24:48  [ main:1267 ] - [ DEBUG ]  Returning cached instance of singleton bean 'lifecycleProcessor'
2014-12-07 14:24:48  [ main:1269 ] - [ DEBUG ]  Searching for key 'spring.liveBeansView.mbeanDomain' in [systemProperties]
2014-12-07 14:24:48  [ main:1269 ] - [ DEBUG ]  Searching for key 'spring.liveBeansView.mbeanDomain' in [systemEnvironment]
2014-12-07 14:24:48  [ main:1269 ] - [ DEBUG ]  Could not find key 'spring.liveBeansView.mbeanDomain' in any property source. Returning [null]
2014-12-07 14:24:48  [ main:1269 ] - [ DEBUG ]  Storing ApplicationContext in cache under key [[MergedContextConfiguration@19e215b testClass = ProductTest, locations = '{classpath:applicationContext.xml}', classes = '{}', contextInitializerClasses = '[]', activeProfiles = '{}', contextLoader = 'org.springframework.test.context.support.DelegatingSmartContextLoader', parent = [null]]].
2014-12-07 14:24:48  [ main:1272 ] - [ DEBUG ]  Processing injected method of bean 'com.gbicc.taocraw.ProductTest': AutowiredFieldElement for private com.gbicc.taocraw.CrawPersistence com.gbicc.taocraw.ProductTest.crawPersistence
2014-12-07 14:24:48  [ main:1272 ] - [ DEBUG ]  Returning cached instance of singleton bean 'crawPersistence'
2014-12-07 14:24:48  [ main:1272 ] - [ DEBUG ]  Autowiring by type from bean name 'com.gbicc.taocraw.ProductTest' to bean named 'crawPersistence'
2014-12-07 14:24:48  [ main:1272 ] - [ DEBUG ]  Returning cached instance of singleton bean 'org.springframework.transaction.config.internalTransactionAdvisor'
2014-12-07 14:24:48  [ main:1272 ] - [ DEBUG ]  Returning cached instance of singleton bean 'org.springframework.transaction.config.internalTransactionAdvisor'
2014-12-07 14:24:48  [ main:1276 ] - [ DEBUG ]  ddddddddddddd
2014-12-07 14:24:48  [ main:1276 ] - [ DEBUG ]  After test method: context [[TestContext@a4488 testClass = ProductTest, testInstance = com.gbicc.taocraw.ProductTest@19762f, testMethod = test01@ProductTest, testException = [null], mergedContextConfiguration = [MergedContextConfiguration@19e215b testClass = ProductTest, locations = '{classpath:applicationContext.xml}', classes = '{}', contextInitializerClasses = '[]', activeProfiles = '{}', contextLoader = 'org.springframework.test.context.support.DelegatingSmartContextLoader', parent = [null]]]], class dirties context [false], class mode [null], method dirties context [false].
2014-12-07 14:24:48  [ main:1277 ] - [ DEBUG ]  After test class: context [[TestContext@a4488 testClass = ProductTest, testInstance = [null], testMethod = [null], testException = [null], mergedContextConfiguration = [MergedContextConfiguration@19e215b testClass = ProductTest, locations = '{classpath:applicationContext.xml}', classes = '{}', contextInitializerClasses = '[]', activeProfiles = '{}', contextLoader = 'org.springframework.test.context.support.DelegatingSmartContextLoader', parent = [null]]]], dirtiesContext [false].
2014-12-07 14:24:48  [ Thread-1:1280 ] - [ INFO ]  Closing org.springframework.context.support.GenericApplicationContext@1ab11b0: startup date [Sun Dec 07 14:24:47 CST 2014]; root of context hierarchy
2014-12-07 14:24:48  [ Thread-1:1281 ] - [ DEBUG ]  Returning cached instance of singleton bean 'lifecycleProcessor'
2014-12-07 14:24:48  [ Thread-1:1281 ] - [ INFO ]  Destroying singletons in org.springframework.beans.factory.support.DefaultListableBeanFactory@171120a: defining beans [app,propertyConfigurer,dataSource,jdbcTemplate,springJdbcDao,crawPersistence,org.springframework.context.annotation.internalConfigurationAnnotationProcessor,org.springframework.context.annotation.internalAutowiredAnnotationProcessor,org.springframework.context.annotation.internalRequiredAnnotationProcessor,org.springframework.context.annotation.internalCommonAnnotationProcessor,transactionManager,org.springframework.aop.config.internalAutoProxyCreator,org.springframework.transaction.annotation.AnnotationTransactionAttributeSource#0,org.springframework.transaction.interceptor.TransactionInterceptor#0,org.springframework.transaction.config.internalTransactionAdvisor,org.springframework.context.annotation.ConfigurationClassPostProcessor.importAwareProcessor]; root of factory hierarchy
2014-12-07 14:24:48  [ Thread-1:1281 ] - [ DEBUG ]  Retrieved dependent beans for bean 'crawPersistence': [com.gbicc.taocraw.ProductTest]
2014-12-07 14:24:48  [ Thread-1:1282 ] - [ DEBUG ]  Invoking destroy method 'close' on bean with name 'dataSource'
2014-12-07 14:24:48  [ Thread-1:1287 ] - [ INFO ]  {dataSource-1} closed
2014-12-07 14:25:12  [ main:0 ] - [ DEBUG ]  SpringJUnit4ClassRunner constructor called with [class com.gbicc.taocraw.ProductTest].
2014-12-07 14:25:12  [ main:39 ] - [ DEBUG ]  Delegating to GenericXmlContextLoader to process context configuration [ContextConfigurationAttributes@e3849c declaringClass = 'com.gbicc.taocraw.ProductTest', locations = '{classpath:applicationContext.xml}', classes = '{}', inheritLocations = true, initializers = '{}', inheritInitializers = true, name = [null], contextLoaderClass = 'org.springframework.test.context.ContextLoader'].
2014-12-07 14:25:12  [ main:40 ] - [ DEBUG ]  Could not find an 'annotation declaring class' for annotation type [org.springframework.test.context.ActiveProfiles] and class [com.gbicc.taocraw.ProductTest]
2014-12-07 14:25:12  [ main:44 ] - [ DEBUG ]  @TestExecutionListeners is not present for class [class com.gbicc.taocraw.ProductTest]: using defaults.
2014-12-07 14:25:12  [ main:47 ] - [ INFO ]  Could not instantiate TestExecutionListener class [org.springframework.test.context.web.ServletTestExecutionListener]. Specify custom listener classes or make the default listener classes (and their dependencies) available.
2014-12-07 14:25:12  [ main:63 ] - [ DEBUG ]  Retrieved @ProfileValueSourceConfiguration [null] for test class [com.gbicc.taocraw.ProductTest]
2014-12-07 14:25:12  [ main:63 ] - [ DEBUG ]  Retrieved ProfileValueSource type [class org.springframework.test.annotation.SystemProfileValueSource] for class [com.gbicc.taocraw.ProductTest]
2014-12-07 14:25:12  [ main:65 ] - [ DEBUG ]  Retrieved @ProfileValueSourceConfiguration [null] for test class [com.gbicc.taocraw.ProductTest]
2014-12-07 14:25:12  [ main:65 ] - [ DEBUG ]  Retrieved ProfileValueSource type [class org.springframework.test.annotation.SystemProfileValueSource] for class [com.gbicc.taocraw.ProductTest]
2014-12-07 14:25:12  [ main:69 ] - [ DEBUG ]  Retrieved @ProfileValueSourceConfiguration [null] for test class [com.gbicc.taocraw.ProductTest]
2014-12-07 14:25:12  [ main:69 ] - [ DEBUG ]  Retrieved ProfileValueSource type [class org.springframework.test.annotation.SystemProfileValueSource] for class [com.gbicc.taocraw.ProductTest]
2014-12-07 14:25:12  [ main:70 ] - [ DEBUG ]  Retrieved @ProfileValueSourceConfiguration [null] for test class [com.gbicc.taocraw.ProductTest]
2014-12-07 14:25:12  [ main:71 ] - [ DEBUG ]  Retrieved ProfileValueSource type [class org.springframework.test.annotation.SystemProfileValueSource] for class [com.gbicc.taocraw.ProductTest]
2014-12-07 14:25:12  [ main:71 ] - [ DEBUG ]  Retrieved @ProfileValueSourceConfiguration [null] for test class [com.gbicc.taocraw.ProductTest]
2014-12-07 14:25:12  [ main:71 ] - [ DEBUG ]  Retrieved ProfileValueSource type [class org.springframework.test.annotation.SystemProfileValueSource] for class [com.gbicc.taocraw.ProductTest]
2014-12-07 14:25:12  [ main:76 ] - [ DEBUG ]  Retrieved @ProfileValueSourceConfiguration [null] for test class [com.gbicc.taocraw.ProductTest]
2014-12-07 14:25:12  [ main:76 ] - [ DEBUG ]  Retrieved ProfileValueSource type [class org.springframework.test.annotation.SystemProfileValueSource] for class [com.gbicc.taocraw.ProductTest]
2014-12-07 14:25:12  [ main:78 ] - [ DEBUG ]  Performing dependency injection for test context [[TestContext@19762f testClass = ProductTest, testInstance = com.gbicc.taocraw.ProductTest@19e215b, testMethod = [null], testException = [null], mergedContextConfiguration = [MergedContextConfiguration@9ff0a8 testClass = ProductTest, locations = '{classpath:applicationContext.xml}', classes = '{}', contextInitializerClasses = '[]', activeProfiles = '{}', contextLoader = 'org.springframework.test.context.support.DelegatingSmartContextLoader', parent = [null]]]].
2014-12-07 14:25:12  [ main:78 ] - [ DEBUG ]  Delegating to GenericXmlContextLoader to load context from [MergedContextConfiguration@9ff0a8 testClass = ProductTest, locations = '{classpath:applicationContext.xml}', classes = '{}', contextInitializerClasses = '[]', activeProfiles = '{}', contextLoader = 'org.springframework.test.context.support.DelegatingSmartContextLoader', parent = [null]].
2014-12-07 14:25:12  [ main:78 ] - [ DEBUG ]  Loading ApplicationContext for merged context configuration [[MergedContextConfiguration@9ff0a8 testClass = ProductTest, locations = '{classpath:applicationContext.xml}', classes = '{}', contextInitializerClasses = '[]', activeProfiles = '{}', contextLoader = 'org.springframework.test.context.support.DelegatingSmartContextLoader', parent = [null]]].
2014-12-07 14:25:12  [ main:190 ] - [ DEBUG ]  Initializing new StandardEnvironment
2014-12-07 14:25:12  [ main:192 ] - [ DEBUG ]  Adding [systemProperties] PropertySource with lowest search precedence
2014-12-07 14:25:12  [ main:194 ] - [ DEBUG ]  Adding [systemEnvironment] PropertySource with lowest search precedence
2014-12-07 14:25:12  [ main:195 ] - [ DEBUG ]  Initialized StandardEnvironment with PropertySources [systemProperties,systemEnvironment]
2014-12-07 14:25:12  [ main:210 ] - [ INFO ]  Loading XML bean definitions from class path resource [applicationContext.xml]
2014-12-07 14:25:12  [ main:227 ] - [ DEBUG ]  Using JAXP provider [com.sun.org.apache.xerces.internal.jaxp.DocumentBuilderFactoryImpl]
2014-12-07 14:25:12  [ main:253 ] - [ DEBUG ]  Loading schema mappings from [META-INF/spring.schemas]
2014-12-07 14:25:12  [ main:260 ] - [ DEBUG ]  Loaded schema mappings: {http://www.springframework.org/schema/util/spring-util.xsd=org/springframework/beans/factory/xml/spring-util-3.2.xsd, http://www.springframework.org/schema/jee/spring-jee-3.2.xsd=org/springframework/ejb/config/spring-jee-3.2.xsd, http://www.springframework.org/schema/mvc/spring-mvc-3.1.xsd=org/springframework/web/servlet/config/spring-mvc-3.1.xsd, http://www.springframework.org/schema/task/spring-task.xsd=org/springframework/scheduling/config/spring-task-3.2.xsd, http://www.springframework.org/schema/beans/spring-beans-3.1.xsd=org/springframework/beans/factory/xml/spring-beans-3.1.xsd, http://www.springframework.org/schema/cache/spring-cache.xsd=org/springframework/cache/config/spring-cache-3.2.xsd, http://www.springframework.org/schema/aop/spring-aop-3.0.xsd=org/springframework/aop/config/spring-aop-3.0.xsd, http://www.springframework.org/schema/task/spring-task-3.1.xsd=org/springframework/scheduling/config/spring-task-3.1.xsd, http://www.springframework.org/schema/aop/spring-aop-2.0.xsd=org/springframework/aop/config/spring-aop-2.0.xsd, http://www.springframework.org/schema/tool/spring-tool-2.5.xsd=org/springframework/beans/factory/xml/spring-tool-2.5.xsd, http://www.springframework.org/schema/beans/spring-beans.xsd=org/springframework/beans/factory/xml/spring-beans-3.2.xsd, http://www.springframework.org/schema/jee/spring-jee-2.5.xsd=org/springframework/ejb/config/spring-jee-2.5.xsd, http://www.springframework.org/schema/jdbc/spring-jdbc-3.1.xsd=org/springframework/jdbc/config/spring-jdbc-3.1.xsd, http://www.springframework.org/schema/tool/spring-tool-3.1.xsd=org/springframework/beans/factory/xml/spring-tool-3.1.xsd, http://www.springframework.org/schema/jee/spring-jee-3.1.xsd=org/springframework/ejb/config/spring-jee-3.1.xsd, http://www.springframework.org/schema/aop/spring-aop.xsd=org/springframework/aop/config/spring-aop-3.2.xsd, http://www.springframework.org/schema/tx/spring-tx-3.2.xsd=org/springframework/transaction/config/spring-tx-3.2.xsd, http://www.springframework.org/schema/context/spring-context-3.2.xsd=org/springframework/context/config/spring-context-3.2.xsd, http://www.springframework.org/schema/beans/spring-beans-2.0.xsd=org/springframework/beans/factory/xml/spring-beans-2.0.xsd, http://www.springframework.org/schema/util/spring-util-3.2.xsd=org/springframework/beans/factory/xml/spring-util-3.2.xsd, http://www.springframework.org/schema/mvc/spring-mvc-3.0.xsd=org/springframework/web/servlet/config/spring-mvc-3.0.xsd, http://www.springframework.org/schema/lang/spring-lang-3.2.xsd=org/springframework/scripting/config/spring-lang-3.2.xsd, http://www.springframework.org/schema/beans/spring-beans-3.0.xsd=org/springframework/beans/factory/xml/spring-beans-3.0.xsd, http://www.springframework.org/schema/cache/spring-cache-3.2.xsd=org/springframework/cache/config/spring-cache-3.2.xsd, http://www.springframework.org/schema/task/spring-task-3.0.xsd=org/springframework/scheduling/config/spring-task-3.0.xsd, http://www.springframework.org/schema/tx/spring-tx-2.5.xsd=org/springframework/transaction/config/spring-tx-2.5.xsd, http://www.springframework.org/schema/context/spring-context-2.5.xsd=org/springframework/context/config/spring-context-2.5.xsd, http://www.springframework.org/schema/jdbc/spring-jdbc-3.0.xsd=org/springframework/jdbc/config/spring-jdbc-3.0.xsd, http://www.springframework.org/schema/tool/spring-tool-3.0.xsd=org/springframework/beans/factory/xml/spring-tool-3.0.xsd, http://www.springframework.org/schema/tx/spring-tx.xsd=org/springframework/transaction/config/spring-tx-3.2.xsd, http://www.springframework.org/schema/lang/spring-lang.xsd=org/springframework/scripting/config/spring-lang-3.2.xsd, http://www.springframework.org/schema/tool/spring-tool-2.0.xsd=org/springframework/beans/factory/xml/spring-tool-2.0.xsd, http://www.springframework.org/schema/util/spring-util-2.5.xsd=org/springframework/beans/factory/xml/spring-util-2.5.xsd, http://www.springframework.org/schema/lang/spring-lang-2.5.xsd=org/springframework/scripting/config/spring-lang-2.5.xsd, http://www.springframework.org/schema/aop/spring-aop-3.2.xsd=org/springframework/aop/config/spring-aop-3.2.xsd, http://www.springframework.org/schema/jee/spring-jee-3.0.xsd=org/springframework/ejb/config/spring-jee-3.0.xsd, http://www.springframework.org/schema/tx/spring-tx-3.1.xsd=org/springframework/transaction/config/spring-tx-3.1.xsd, http://www.springframework.org/schema/jee/spring-jee-2.0.xsd=org/springframework/ejb/config/spring-jee-2.0.xsd, http://www.springframework.org/schema/context/spring-context-3.1.xsd=org/springframework/context/config/spring-context-3.1.xsd, http://www.springframework.org/schema/util/spring-util-3.1.xsd=org/springframework/beans/factory/xml/spring-util-3.1.xsd, http://www.springframework.org/schema/lang/spring-lang-3.1.xsd=org/springframework/scripting/config/spring-lang-3.1.xsd, http://www.springframework.org/schema/cache/spring-cache-3.1.xsd=org/springframework/cache/config/spring-cache-3.1.xsd, http://www.springframework.org/schema/context/spring-context.xsd=org/springframework/context/config/spring-context-3.2.xsd, http://www.springframework.org/schema/jee/spring-jee.xsd=org/springframework/ejb/config/spring-jee-3.2.xsd, http://www.springframework.org/schema/aop/spring-aop-2.5.xsd=org/springframework/aop/config/spring-aop-2.5.xsd, http://www.springframework.org/schema/mvc/spring-mvc.xsd=org/springframework/web/servlet/config/spring-mvc-3.2.xsd, http://www.springframework.org/schema/mvc/spring-mvc-3.2.xsd=org/springframework/web/servlet/config/spring-mvc-3.2.xsd, http://www.springframework.org/schema/jdbc/spring-jdbc.xsd=org/springframework/jdbc/config/spring-jdbc-3.2.xsd, http://www.springframework.org/schema/beans/spring-beans-3.2.xsd=org/springframework/beans/factory/xml/spring-beans-3.2.xsd, http://www.springframework.org/schema/tx/spring-tx-2.0.xsd=org/springframework/transaction/config/spring-tx-2.0.xsd, http://www.springframework.org/schema/aop/spring-aop-3.1.xsd=org/springframework/aop/config/spring-aop-3.1.xsd, http://www.springframework.org/schema/task/spring-task-3.2.xsd=org/springframework/scheduling/config/spring-task-3.2.xsd, http://www.springframework.org/schema/tx/spring-tx-3.0.xsd=org/springframework/transaction/config/spring-tx-3.0.xsd, http://www.springframework.org/schema/context/spring-context-3.0.xsd=org/springframework/context/config/spring-context-3.0.xsd, http://www.springframework.org/schema/tool/spring-tool.xsd=org/springframework/beans/factory/xml/spring-tool-3.2.xsd, http://www.springframework.org/schema/util/spring-util-3.0.xsd=org/springframework/beans/factory/xml/spring-util-3.0.xsd, http://www.springframework.org/schema/lang/spring-lang-3.0.xsd=org/springframework/scripting/config/spring-lang-3.0.xsd, http://www.springframework.org/schema/util/spring-util-2.0.xsd=org/springframework/beans/factory/xml/spring-util-2.0.xsd, http://www.springframework.org/schema/lang/spring-lang-2.0.xsd=org/springframework/scripting/config/spring-lang-2.0.xsd, http://www.springframework.org/schema/jdbc/spring-jdbc-3.2.xsd=org/springframework/jdbc/config/spring-jdbc-3.2.xsd, http://www.springframework.org/schema/tool/spring-tool-3.2.xsd=org/springframework/beans/factory/xml/spring-tool-3.2.xsd, http://www.springframework.org/schema/beans/spring-beans-2.5.xsd=org/springframework/beans/factory/xml/spring-beans-2.5.xsd}
2014-12-07 14:25:12  [ main:260 ] - [ DEBUG ]  Found XML schema [http://www.springframework.org/schema/beans/spring-beans-3.2.xsd] in classpath: org/springframework/beans/factory/xml/spring-beans-3.2.xsd
2014-12-07 14:25:12  [ main:293 ] - [ DEBUG ]  Found XML schema [http://www.springframework.org/schema/util/spring-util-3.2.xsd] in classpath: org/springframework/beans/factory/xml/spring-util-3.2.xsd
2014-12-07 14:25:12  [ main:296 ] - [ DEBUG ]  Found XML schema [http://www.springframework.org/schema/tool/spring-tool-3.2.xsd] in classpath: org/springframework/beans/factory/xml/spring-tool-3.2.xsd
2014-12-07 14:25:12  [ main:302 ] - [ DEBUG ]  Found XML schema [http://www.springframework.org/schema/context/spring-context-3.2.xsd] in classpath: org/springframework/context/config/spring-context-3.2.xsd
2014-12-07 14:25:12  [ main:307 ] - [ DEBUG ]  Found XML schema [http://www.springframework.org/schema/tx/spring-tx-3.2.xsd] in classpath: org/springframework/transaction/config/spring-tx-3.2.xsd
2014-12-07 14:25:12  [ main:312 ] - [ DEBUG ]  Found XML schema [http://www.springframework.org/schema/aop/spring-aop-3.2.xsd] in classpath: org/springframework/aop/config/spring-aop-3.2.xsd
2014-12-07 14:25:12  [ main:320 ] - [ DEBUG ]  Loading bean definitions
2014-12-07 14:25:13  [ main:331 ] - [ DEBUG ]  Loaded NamespaceHandler mappings: {http://www.springframework.org/schema/p=org.springframework.beans.factory.xml.SimplePropertyNamespaceHandler, http://www.springframework.org/schema/mvc=org.springframework.web.servlet.config.MvcNamespaceHandler, http://www.springframework.org/schema/util=org.springframework.beans.factory.xml.UtilNamespaceHandler, http://www.springframework.org/schema/jee=org.springframework.ejb.config.JeeNamespaceHandler, http://www.springframework.org/schema/aop=org.springframework.aop.config.AopNamespaceHandler, http://www.springframework.org/schema/jdbc=org.springframework.jdbc.config.JdbcNamespaceHandler, http://www.springframework.org/schema/cache=org.springframework.cache.config.CacheNamespaceHandler, http://www.springframework.org/schema/c=org.springframework.beans.factory.xml.SimpleConstructorNamespaceHandler, http://www.springframework.org/schema/tx=org.springframework.transaction.config.TxNamespaceHandler, http://www.springframework.org/schema/task=org.springframework.scheduling.config.TaskNamespaceHandler, http://www.springframework.org/schema/lang=org.springframework.scripting.config.LangNamespaceHandler, http://www.springframework.org/schema/context=org.springframework.context.config.ContextNamespaceHandler}
2014-12-07 14:25:13  [ main:385 ] - [ DEBUG ]  Looking for matching resources in directory tree [E:\studyspace\taocraw\target\test-classes\com\gbicc]
2014-12-07 14:25:13  [ main:386 ] - [ DEBUG ]  Searching directory [E:\studyspace\taocraw\target\test-classes\com\gbicc] for files matching pattern [E:/studyspace/taocraw/target/test-classes/com/gbicc/**/*.class]
2014-12-07 14:25:13  [ main:387 ] - [ DEBUG ]  Searching directory [E:\studyspace\taocraw\target\test-classes\com\gbicc\taocraw] for files matching pattern [E:/studyspace/taocraw/target/test-classes/com/gbicc/**/*.class]
2014-12-07 14:25:13  [ main:390 ] - [ DEBUG ]  Looking for matching resources in directory tree [E:\studyspace\taocraw\target\classes\com\gbicc]
2014-12-07 14:25:13  [ main:391 ] - [ DEBUG ]  Searching directory [E:\studyspace\taocraw\target\classes\com\gbicc] for files matching pattern [E:/studyspace/taocraw/target/classes/com/gbicc/**/*.class]
2014-12-07 14:25:13  [ main:391 ] - [ DEBUG ]  Searching directory [E:\studyspace\taocraw\target\classes\com\gbicc\core] for files matching pattern [E:/studyspace/taocraw/target/classes/com/gbicc/**/*.class]
2014-12-07 14:25:13  [ main:392 ] - [ DEBUG ]  Searching directory [E:\studyspace\taocraw\target\classes\com\gbicc\taocraw] for files matching pattern [E:/studyspace/taocraw/target/classes/com/gbicc/**/*.class]
2014-12-07 14:25:13  [ main:392 ] - [ DEBUG ]  Searching directory [E:\studyspace\taocraw\target\classes\com\gbicc\taocraw\craw] for files matching pattern [E:/studyspace/taocraw/target/classes/com/gbicc/**/*.class]
2014-12-07 14:25:13  [ main:393 ] - [ DEBUG ]  Searching directory [E:\studyspace\taocraw\target\classes\com\gbicc\taocraw\param] for files matching pattern [E:/studyspace/taocraw/target/classes/com/gbicc/**/*.class]
2014-12-07 14:25:13  [ main:394 ] - [ DEBUG ]  Searching directory [E:\studyspace\taocraw\target\classes\com\gbicc\taocraw\parse] for files matching pattern [E:/studyspace/taocraw/target/classes/com/gbicc/**/*.class]
2014-12-07 14:25:13  [ main:394 ] - [ DEBUG ]  Searching directory [E:\studyspace\taocraw\target\classes\com\gbicc\taocraw\pojo] for files matching pattern [E:/studyspace/taocraw/target/classes/com/gbicc/**/*.class]
2014-12-07 14:25:13  [ main:396 ] - [ DEBUG ]  Searching directory [E:\studyspace\taocraw\target\classes\com\gbicc\taocraw\util] for files matching pattern [E:/studyspace/taocraw/target/classes/com/gbicc/**/*.class]
2014-12-07 14:25:13  [ main:397 ] - [ DEBUG ]  Resolved location pattern [classpath*:com/gbicc/**/*.class] to resources [file [E:\studyspace\taocraw\target\test-classes\com\gbicc\taocraw\MyTest.class], file [E:\studyspace\taocraw\target\test-classes\com\gbicc\taocraw\ProductTest.class], file [E:\studyspace\taocraw\target\test-classes\com\gbicc\taocraw\SimpleTest.class], file [E:\studyspace\taocraw\target\test-classes\com\gbicc\taocraw\SimpleTest2.class], file [E:\studyspace\taocraw\target\classes\com\gbicc\core\SpringJdbcDao$1.class], file [E:\studyspace\taocraw\target\classes\com\gbicc\core\SpringJdbcDao.class], file [E:\studyspace\taocraw\target\classes\com\gbicc\taocraw\craw\CarCraw.class], file [E:\studyspace\taocraw\target\classes\com\gbicc\taocraw\craw\Craw.class], file [E:\studyspace\taocraw\target\classes\com\gbicc\taocraw\CrawGroup.class], file [E:\studyspace\taocraw\target\classes\com\gbicc\taocraw\CrawPersistence.class], file [E:\studyspace\taocraw\target\classes\com\gbicc\taocraw\param\Param$DESC.class], file [E:\studyspace\taocraw\target\classes\com\gbicc\taocraw\param\Param.class], file [E:\studyspace\taocraw\target\classes\com\gbicc\taocraw\parse\HtmlParse.class], file [E:\studyspace\taocraw\target\classes\com\gbicc\taocraw\parse\JsonParse.class], file [E:\studyspace\taocraw\target\classes\com\gbicc\taocraw\parse\Parse.class], file [E:\studyspace\taocraw\target\classes\com\gbicc\taocraw\pojo\Auction.class], file [E:\studyspace\taocraw\target\classes\com\gbicc\taocraw\pojo\Body.class], file [E:\studyspace\taocraw\target\classes\com\gbicc\taocraw\pojo\Header.class], file [E:\studyspace\taocraw\target\classes\com\gbicc\taocraw\pojo\ItemList.class], file [E:\studyspace\taocraw\target\classes\com\gbicc\taocraw\pojo\ItemListData.class], file [E:\studyspace\taocraw\target\classes\com\gbicc\taocraw\pojo\Module.class], file [E:\studyspace\taocraw\target\classes\com\gbicc\taocraw\pojo\Pager.class], file [E:\studyspace\taocraw\target\classes\com\gbicc\taocraw\pojo\Sortbar.class], file [E:\studyspace\taocraw\target\classes\com\gbicc\taocraw\pojo\SortbarData.class], file [E:\studyspace\taocraw\target\classes\com\gbicc\taocraw\QueryParam.class], file [E:\studyspace\taocraw\target\classes\com\gbicc\taocraw\util\HttpClientUtils.class]]
2014-12-07 14:25:13  [ main:429 ] - [ DEBUG ]  Identified candidate component class: file [E:\studyspace\taocraw\target\classes\com\gbicc\core\SpringJdbcDao.class]
2014-12-07 14:25:13  [ main:431 ] - [ DEBUG ]  Identified candidate component class: file [E:\studyspace\taocraw\target\classes\com\gbicc\taocraw\CrawPersistence.class]
2014-12-07 14:25:13  [ main:477 ] - [ DEBUG ]  Loaded 15 bean definitions from location pattern [classpath:applicationContext.xml]
2014-12-07 14:25:13  [ main:480 ] - [ INFO ]  Refreshing org.springframework.context.support.GenericApplicationContext@1ab11b0: startup date [Sun Dec 07 14:25:13 CST 2014]; root of context hierarchy
2014-12-07 14:25:13  [ main:480 ] - [ DEBUG ]  Bean factory for org.springframework.context.support.GenericApplicationContext@1ab11b0: org.springframework.beans.factory.support.DefaultListableBeanFactory@171120a: defining beans [app,propertyConfigurer,dataSource,jdbcTemplate,springJdbcDao,crawPersistence,org.springframework.context.annotation.internalConfigurationAnnotationProcessor,org.springframework.context.annotation.internalAutowiredAnnotationProcessor,org.springframework.context.annotation.internalRequiredAnnotationProcessor,org.springframework.context.annotation.internalCommonAnnotationProcessor,transactionManager,org.springframework.aop.config.internalAutoProxyCreator,org.springframework.transaction.annotation.AnnotationTransactionAttributeSource#0,org.springframework.transaction.interceptor.TransactionInterceptor#0,org.springframework.transaction.config.internalTransactionAdvisor]; root of factory hierarchy
2014-12-07 14:25:13  [ main:513 ] - [ DEBUG ]  Creating shared instance of singleton bean 'org.springframework.context.annotation.internalConfigurationAnnotationProcessor'
2014-12-07 14:25:13  [ main:513 ] - [ DEBUG ]  Creating instance of bean 'org.springframework.context.annotation.internalConfigurationAnnotationProcessor'
2014-12-07 14:25:13  [ main:532 ] - [ DEBUG ]  Eagerly caching bean 'org.springframework.context.annotation.internalConfigurationAnnotationProcessor' to allow for resolving potential circular references
2014-12-07 14:25:13  [ main:537 ] - [ DEBUG ]  Finished creating instance of bean 'org.springframework.context.annotation.internalConfigurationAnnotationProcessor'
2014-12-07 14:25:13  [ main:588 ] - [ DEBUG ]  Creating shared instance of singleton bean 'propertyConfigurer'
2014-12-07 14:25:13  [ main:588 ] - [ DEBUG ]  Creating instance of bean 'propertyConfigurer'
2014-12-07 14:25:13  [ main:590 ] - [ DEBUG ]  Eagerly caching bean 'propertyConfigurer' to allow for resolving potential circular references
2014-12-07 14:25:13  [ main:631 ] - [ DEBUG ]  Finished creating instance of bean 'propertyConfigurer'
2014-12-07 14:25:13  [ main:631 ] - [ INFO ]  Loading properties file from class path resource [config/db.properties]
2014-12-07 14:25:13  [ main:636 ] - [ DEBUG ]  Creating shared instance of singleton bean 'org.springframework.context.annotation.internalAutowiredAnnotationProcessor'
2014-12-07 14:25:13  [ main:636 ] - [ DEBUG ]  Creating instance of bean 'org.springframework.context.annotation.internalAutowiredAnnotationProcessor'
2014-12-07 14:25:13  [ main:638 ] - [ DEBUG ]  Eagerly caching bean 'org.springframework.context.annotation.internalAutowiredAnnotationProcessor' to allow for resolving potential circular references
2014-12-07 14:25:13  [ main:638 ] - [ DEBUG ]  Finished creating instance of bean 'org.springframework.context.annotation.internalAutowiredAnnotationProcessor'
2014-12-07 14:25:13  [ main:638 ] - [ DEBUG ]  Creating shared instance of singleton bean 'org.springframework.context.annotation.internalRequiredAnnotationProcessor'
2014-12-07 14:25:13  [ main:638 ] - [ DEBUG ]  Creating instance of bean 'org.springframework.context.annotation.internalRequiredAnnotationProcessor'
2014-12-07 14:25:13  [ main:639 ] - [ DEBUG ]  Eagerly caching bean 'org.springframework.context.annotation.internalRequiredAnnotationProcessor' to allow for resolving potential circular references
2014-12-07 14:25:13  [ main:639 ] - [ DEBUG ]  Finished creating instance of bean 'org.springframework.context.annotation.internalRequiredAnnotationProcessor'
2014-12-07 14:25:13  [ main:639 ] - [ DEBUG ]  Creating shared instance of singleton bean 'org.springframework.context.annotation.internalCommonAnnotationProcessor'
2014-12-07 14:25:13  [ main:639 ] - [ DEBUG ]  Creating instance of bean 'org.springframework.context.annotation.internalCommonAnnotationProcessor'
2014-12-07 14:25:13  [ main:646 ] - [ DEBUG ]  Eagerly caching bean 'org.springframework.context.annotation.internalCommonAnnotationProcessor' to allow for resolving potential circular references
2014-12-07 14:25:13  [ main:646 ] - [ DEBUG ]  Finished creating instance of bean 'org.springframework.context.annotation.internalCommonAnnotationProcessor'
2014-12-07 14:25:13  [ main:646 ] - [ DEBUG ]  Creating shared instance of singleton bean 'org.springframework.context.annotation.ConfigurationClassPostProcessor.importAwareProcessor'
2014-12-07 14:25:13  [ main:647 ] - [ DEBUG ]  Creating instance of bean 'org.springframework.context.annotation.ConfigurationClassPostProcessor.importAwareProcessor'
2014-12-07 14:25:13  [ main:647 ] - [ DEBUG ]  Eagerly caching bean 'org.springframework.context.annotation.ConfigurationClassPostProcessor.importAwareProcessor' to allow for resolving potential circular references
2014-12-07 14:25:13  [ main:647 ] - [ DEBUG ]  Finished creating instance of bean 'org.springframework.context.annotation.ConfigurationClassPostProcessor.importAwareProcessor'
2014-12-07 14:25:13  [ main:647 ] - [ DEBUG ]  Creating shared instance of singleton bean 'org.springframework.aop.config.internalAutoProxyCreator'
2014-12-07 14:25:13  [ main:647 ] - [ DEBUG ]  Creating instance of bean 'org.springframework.aop.config.internalAutoProxyCreator'
2014-12-07 14:25:13  [ main:681 ] - [ DEBUG ]  Eagerly caching bean 'org.springframework.aop.config.internalAutoProxyCreator' to allow for resolving potential circular references
2014-12-07 14:25:13  [ main:694 ] - [ DEBUG ]  Finished creating instance of bean 'org.springframework.aop.config.internalAutoProxyCreator'
2014-12-07 14:25:13  [ main:698 ] - [ DEBUG ]  Unable to locate MessageSource with name 'messageSource': using default [org.springframework.context.support.DelegatingMessageSource@17535b6]
2014-12-07 14:25:13  [ main:701 ] - [ DEBUG ]  Unable to locate ApplicationEventMulticaster with name 'applicationEventMulticaster': using default [org.springframework.context.event.SimpleApplicationEventMulticaster@138ec91]
2014-12-07 14:25:13  [ main:706 ] - [ INFO ]  Pre-instantiating singletons in org.springframework.beans.factory.support.DefaultListableBeanFactory@171120a: defining beans [app,propertyConfigurer,dataSource,jdbcTemplate,springJdbcDao,crawPersistence,org.springframework.context.annotation.internalConfigurationAnnotationProcessor,org.springframework.context.annotation.internalAutowiredAnnotationProcessor,org.springframework.context.annotation.internalRequiredAnnotationProcessor,org.springframework.context.annotation.internalCommonAnnotationProcessor,transactionManager,org.springframework.aop.config.internalAutoProxyCreator,org.springframework.transaction.annotation.AnnotationTransactionAttributeSource#0,org.springframework.transaction.interceptor.TransactionInterceptor#0,org.springframework.transaction.config.internalTransactionAdvisor,org.springframework.context.annotation.ConfigurationClassPostProcessor.importAwareProcessor]; root of factory hierarchy
2014-12-07 14:25:13  [ main:707 ] - [ DEBUG ]  Creating shared instance of singleton bean 'app'
2014-12-07 14:25:13  [ main:707 ] - [ DEBUG ]  Creating instance of bean 'app'
2014-12-07 14:25:13  [ main:708 ] - [ DEBUG ]  Creating shared instance of singleton bean 'org.springframework.transaction.config.internalTransactionAdvisor'
2014-12-07 14:25:13  [ main:708 ] - [ DEBUG ]  Creating instance of bean 'org.springframework.transaction.config.internalTransactionAdvisor'
2014-12-07 14:25:13  [ main:710 ] - [ DEBUG ]  Eagerly caching bean 'org.springframework.transaction.config.internalTransactionAdvisor' to allow for resolving potential circular references
2014-12-07 14:25:13  [ main:716 ] - [ DEBUG ]  Creating shared instance of singleton bean 'org.springframework.transaction.annotation.AnnotationTransactionAttributeSource#0'
2014-12-07 14:25:13  [ main:716 ] - [ DEBUG ]  Creating instance of bean 'org.springframework.transaction.annotation.AnnotationTransactionAttributeSource#0'
2014-12-07 14:25:13  [ main:716 ] - [ DEBUG ]  Skipping currently created advisor 'org.springframework.transaction.config.internalTransactionAdvisor'
2014-12-07 14:25:13  [ main:717 ] - [ DEBUG ]  Eagerly caching bean 'org.springframework.transaction.annotation.AnnotationTransactionAttributeSource#0' to allow for resolving potential circular references
2014-12-07 14:25:13  [ main:720 ] - [ DEBUG ]  Skipping currently created advisor 'org.springframework.transaction.config.internalTransactionAdvisor'
2014-12-07 14:25:13  [ main:720 ] - [ DEBUG ]  Skipping currently created advisor 'org.springframework.transaction.config.internalTransactionAdvisor'
2014-12-07 14:25:13  [ main:723 ] - [ DEBUG ]  Finished creating instance of bean 'org.springframework.transaction.annotation.AnnotationTransactionAttributeSource#0'
2014-12-07 14:25:13  [ main:723 ] - [ DEBUG ]  Finished creating instance of bean 'org.springframework.transaction.config.internalTransactionAdvisor'
2014-12-07 14:25:13  [ main:725 ] - [ DEBUG ]  Eagerly caching bean 'app' to allow for resolving potential circular references
2014-12-07 14:25:13  [ main:735 ] - [ DEBUG ]  Invoking afterPropertiesSet() on bean with name 'app'
2014-12-07 14:25:13  [ main:735 ] - [ INFO ]  Loading properties file from class path resource [config/sysconfig.properties]
2014-12-07 14:25:13  [ main:735 ] - [ DEBUG ]  Returning cached instance of singleton bean 'org.springframework.transaction.config.internalTransactionAdvisor'
2014-12-07 14:25:13  [ main:735 ] - [ DEBUG ]  Returning cached instance of singleton bean 'org.springframework.transaction.config.internalTransactionAdvisor'
2014-12-07 14:25:13  [ main:739 ] - [ DEBUG ]  Finished creating instance of bean 'app'
2014-12-07 14:25:13  [ main:739 ] - [ DEBUG ]  Returning cached instance of singleton bean 'propertyConfigurer'
2014-12-07 14:25:13  [ main:739 ] - [ DEBUG ]  Creating shared instance of singleton bean 'dataSource'
2014-12-07 14:25:13  [ main:739 ] - [ DEBUG ]  Creating instance of bean 'dataSource'
2014-12-07 14:25:13  [ main:739 ] - [ DEBUG ]  Returning cached instance of singleton bean 'org.springframework.transaction.config.internalTransactionAdvisor'
2014-12-07 14:25:13  [ main:774 ] - [ DEBUG ]  Eagerly caching bean 'dataSource' to allow for resolving potential circular references
2014-12-07 14:25:13  [ main:832 ] - [ DEBUG ]  Invoking init method  'init' on bean with name 'dataSource'
2014-12-07 14:25:13  [ main:1138 ] - [ INFO ]  {dataSource-1} inited
2014-12-07 14:25:13  [ main:1138 ] - [ DEBUG ]  Returning cached instance of singleton bean 'org.springframework.transaction.config.internalTransactionAdvisor'
2014-12-07 14:25:13  [ main:1138 ] - [ DEBUG ]  Returning cached instance of singleton bean 'org.springframework.transaction.config.internalTransactionAdvisor'
2014-12-07 14:25:13  [ main:1144 ] - [ DEBUG ]  Finished creating instance of bean 'dataSource'
2014-12-07 14:25:13  [ main:1145 ] - [ DEBUG ]  Creating shared instance of singleton bean 'jdbcTemplate'
2014-12-07 14:25:13  [ main:1145 ] - [ DEBUG ]  Creating instance of bean 'jdbcTemplate'
2014-12-07 14:25:13  [ main:1145 ] - [ DEBUG ]  Returning cached instance of singleton bean 'org.springframework.transaction.config.internalTransactionAdvisor'
2014-12-07 14:25:13  [ main:1162 ] - [ DEBUG ]  Eagerly caching bean 'jdbcTemplate' to allow for resolving potential circular references
2014-12-07 14:25:13  [ main:1167 ] - [ DEBUG ]  Returning cached instance of singleton bean 'dataSource'
2014-12-07 14:25:13  [ main:1167 ] - [ DEBUG ]  Invoking afterPropertiesSet() on bean with name 'jdbcTemplate'
2014-12-07 14:25:13  [ main:1167 ] - [ DEBUG ]  Returning cached instance of singleton bean 'org.springframework.transaction.config.internalTransactionAdvisor'
2014-12-07 14:25:13  [ main:1167 ] - [ DEBUG ]  Returning cached instance of singleton bean 'org.springframework.transaction.config.internalTransactionAdvisor'
2014-12-07 14:25:13  [ main:1170 ] - [ DEBUG ]  Finished creating instance of bean 'jdbcTemplate'
2014-12-07 14:25:13  [ main:1170 ] - [ DEBUG ]  Creating shared instance of singleton bean 'springJdbcDao'
2014-12-07 14:25:13  [ main:1170 ] - [ DEBUG ]  Creating instance of bean 'springJdbcDao'
2014-12-07 14:25:13  [ main:1170 ] - [ DEBUG ]  Returning cached instance of singleton bean 'org.springframework.transaction.config.internalTransactionAdvisor'
2014-12-07 14:25:13  [ main:1173 ] - [ DEBUG ]  Registered injected element on class [com.gbicc.core.SpringJdbcDao]: AutowiredFieldElement for private org.springframework.jdbc.core.JdbcTemplate com.gbicc.core.SpringJdbcDao.jdbcTemplate
2014-12-07 14:25:13  [ main:1173 ] - [ DEBUG ]  Eagerly caching bean 'springJdbcDao' to allow for resolving potential circular references
2014-12-07 14:25:13  [ main:1175 ] - [ DEBUG ]  Processing injected method of bean 'springJdbcDao': AutowiredFieldElement for private org.springframework.jdbc.core.JdbcTemplate com.gbicc.core.SpringJdbcDao.jdbcTemplate
2014-12-07 14:25:13  [ main:1176 ] - [ DEBUG ]  Returning cached instance of singleton bean 'jdbcTemplate'
2014-12-07 14:25:13  [ main:1176 ] - [ DEBUG ]  Autowiring by type from bean name 'springJdbcDao' to bean named 'jdbcTemplate'
2014-12-07 14:25:13  [ main:1177 ] - [ DEBUG ]  Returning cached instance of singleton bean 'org.springframework.transaction.config.internalTransactionAdvisor'
2014-12-07 14:25:13  [ main:1177 ] - [ DEBUG ]  Returning cached instance of singleton bean 'org.springframework.transaction.config.internalTransactionAdvisor'
2014-12-07 14:25:13  [ main:1177 ] - [ DEBUG ]  Finished creating instance of bean 'springJdbcDao'
2014-12-07 14:25:13  [ main:1177 ] - [ DEBUG ]  Creating shared instance of singleton bean 'crawPersistence'
2014-12-07 14:25:13  [ main:1177 ] - [ DEBUG ]  Creating instance of bean 'crawPersistence'
2014-12-07 14:25:13  [ main:1177 ] - [ DEBUG ]  Returning cached instance of singleton bean 'org.springframework.transaction.config.internalTransactionAdvisor'
2014-12-07 14:25:13  [ main:1194 ] - [ DEBUG ]  Registered injected element on class [com.gbicc.taocraw.CrawPersistence]: AutowiredFieldElement for private com.gbicc.core.SpringJdbcDao com.gbicc.taocraw.CrawPersistence.springJdbcDao
2014-12-07 14:25:13  [ main:1194 ] - [ DEBUG ]  Eagerly caching bean 'crawPersistence' to allow for resolving potential circular references
2014-12-07 14:25:13  [ main:1196 ] - [ DEBUG ]  Processing injected method of bean 'crawPersistence': AutowiredFieldElement for private com.gbicc.core.SpringJdbcDao com.gbicc.taocraw.CrawPersistence.springJdbcDao
2014-12-07 14:25:13  [ main:1197 ] - [ DEBUG ]  Returning cached instance of singleton bean 'springJdbcDao'
2014-12-07 14:25:13  [ main:1197 ] - [ DEBUG ]  Autowiring by type from bean name 'crawPersistence' to bean named 'springJdbcDao'
2014-12-07 14:25:13  [ main:1197 ] - [ DEBUG ]  Returning cached instance of singleton bean 'org.springframework.transaction.config.internalTransactionAdvisor'
2014-12-07 14:25:13  [ main:1197 ] - [ DEBUG ]  Returning cached instance of singleton bean 'org.springframework.transaction.config.internalTransactionAdvisor'
2014-12-07 14:25:13  [ main:1197 ] - [ DEBUG ]  Finished creating instance of bean 'crawPersistence'
2014-12-07 14:25:13  [ main:1197 ] - [ DEBUG ]  Returning cached instance of singleton bean 'org.springframework.context.annotation.internalConfigurationAnnotationProcessor'
2014-12-07 14:25:13  [ main:1197 ] - [ DEBUG ]  Returning cached instance of singleton bean 'org.springframework.context.annotation.internalAutowiredAnnotationProcessor'
2014-12-07 14:25:13  [ main:1197 ] - [ DEBUG ]  Returning cached instance of singleton bean 'org.springframework.context.annotation.internalRequiredAnnotationProcessor'
2014-12-07 14:25:13  [ main:1198 ] - [ DEBUG ]  Returning cached instance of singleton bean 'org.springframework.context.annotation.internalCommonAnnotationProcessor'
2014-12-07 14:25:13  [ main:1198 ] - [ DEBUG ]  Creating shared instance of singleton bean 'transactionManager'
2014-12-07 14:25:13  [ main:1198 ] - [ DEBUG ]  Creating instance of bean 'transactionManager'
2014-12-07 14:25:13  [ main:1198 ] - [ DEBUG ]  Returning cached instance of singleton bean 'org.springframework.transaction.config.internalTransactionAdvisor'
2014-12-07 14:25:13  [ main:1205 ] - [ DEBUG ]  Eagerly caching bean 'transactionManager' to allow for resolving potential circular references
2014-12-07 14:25:13  [ main:1209 ] - [ DEBUG ]  Returning cached instance of singleton bean 'dataSource'
2014-12-07 14:25:13  [ main:1210 ] - [ DEBUG ]  Invoking afterPropertiesSet() on bean with name 'transactionManager'
2014-12-07 14:25:13  [ main:1210 ] - [ DEBUG ]  Returning cached instance of singleton bean 'org.springframework.transaction.config.internalTransactionAdvisor'
2014-12-07 14:25:13  [ main:1210 ] - [ DEBUG ]  Returning cached instance of singleton bean 'org.springframework.transaction.config.internalTransactionAdvisor'
2014-12-07 14:25:13  [ main:1212 ] - [ DEBUG ]  Finished creating instance of bean 'transactionManager'
2014-12-07 14:25:13  [ main:1212 ] - [ DEBUG ]  Returning cached instance of singleton bean 'org.springframework.aop.config.internalAutoProxyCreator'
2014-12-07 14:25:13  [ main:1212 ] - [ DEBUG ]  Returning cached instance of singleton bean 'org.springframework.transaction.annotation.AnnotationTransactionAttributeSource#0'
2014-12-07 14:25:13  [ main:1212 ] - [ DEBUG ]  Creating shared instance of singleton bean 'org.springframework.transaction.interceptor.TransactionInterceptor#0'
2014-12-07 14:25:13  [ main:1212 ] - [ DEBUG ]  Creating instance of bean 'org.springframework.transaction.interceptor.TransactionInterceptor#0'
2014-12-07 14:25:13  [ main:1214 ] - [ DEBUG ]  Eagerly caching bean 'org.springframework.transaction.interceptor.TransactionInterceptor#0' to allow for resolving potential circular references
2014-12-07 14:25:13  [ main:1222 ] - [ DEBUG ]  Returning cached instance of singleton bean 'org.springframework.transaction.annotation.AnnotationTransactionAttributeSource#0'
2014-12-07 14:25:13  [ main:1222 ] - [ DEBUG ]  Invoking afterPropertiesSet() on bean with name 'org.springframework.transaction.interceptor.TransactionInterceptor#0'
2014-12-07 14:25:13  [ main:1222 ] - [ DEBUG ]  Finished creating instance of bean 'org.springframework.transaction.interceptor.TransactionInterceptor#0'
2014-12-07 14:25:13  [ main:1223 ] - [ DEBUG ]  Returning cached instance of singleton bean 'org.springframework.transaction.config.internalTransactionAdvisor'
2014-12-07 14:25:13  [ main:1223 ] - [ DEBUG ]  Returning cached instance of singleton bean 'org.springframework.context.annotation.ConfigurationClassPostProcessor.importAwareProcessor'
2014-12-07 14:25:13  [ main:1225 ] - [ DEBUG ]  Unable to locate LifecycleProcessor with name 'lifecycleProcessor': using default [org.springframework.context.support.DefaultLifecycleProcessor@1cc7f4b]
2014-12-07 14:25:13  [ main:1225 ] - [ DEBUG ]  Returning cached instance of singleton bean 'lifecycleProcessor'
2014-12-07 14:25:13  [ main:1227 ] - [ DEBUG ]  Searching for key 'spring.liveBeansView.mbeanDomain' in [systemProperties]
2014-12-07 14:25:13  [ main:1228 ] - [ DEBUG ]  Searching for key 'spring.liveBeansView.mbeanDomain' in [systemEnvironment]
2014-12-07 14:25:13  [ main:1228 ] - [ DEBUG ]  Could not find key 'spring.liveBeansView.mbeanDomain' in any property source. Returning [null]
2014-12-07 14:25:13  [ main:1228 ] - [ DEBUG ]  Storing ApplicationContext in cache under key [[MergedContextConfiguration@9ff0a8 testClass = ProductTest, locations = '{classpath:applicationContext.xml}', classes = '{}', contextInitializerClasses = '[]', activeProfiles = '{}', contextLoader = 'org.springframework.test.context.support.DelegatingSmartContextLoader', parent = [null]]].
2014-12-07 14:25:13  [ main:1231 ] - [ DEBUG ]  Processing injected method of bean 'com.gbicc.taocraw.ProductTest': AutowiredFieldElement for private com.gbicc.taocraw.CrawPersistence com.gbicc.taocraw.ProductTest.crawPersistence
2014-12-07 14:25:13  [ main:1231 ] - [ DEBUG ]  Returning cached instance of singleton bean 'crawPersistence'
2014-12-07 14:25:13  [ main:1231 ] - [ DEBUG ]  Autowiring by type from bean name 'com.gbicc.taocraw.ProductTest' to bean named 'crawPersistence'
2014-12-07 14:25:13  [ main:1231 ] - [ DEBUG ]  Returning cached instance of singleton bean 'org.springframework.transaction.config.internalTransactionAdvisor'
2014-12-07 14:25:13  [ main:1231 ] - [ DEBUG ]  Returning cached instance of singleton bean 'org.springframework.transaction.config.internalTransactionAdvisor'
2014-12-07 14:25:13  [ main:1235 ] - [ DEBUG ]  ddddddddddddd
2014-12-07 14:25:13  [ main:1235 ] - [ DEBUG ]  After test method: context [[TestContext@19762f testClass = ProductTest, testInstance = com.gbicc.taocraw.ProductTest@19e215b, testMethod = test01@ProductTest, testException = [null], mergedContextConfiguration = [MergedContextConfiguration@9ff0a8 testClass = ProductTest, locations = '{classpath:applicationContext.xml}', classes = '{}', contextInitializerClasses = '[]', activeProfiles = '{}', contextLoader = 'org.springframework.test.context.support.DelegatingSmartContextLoader', parent = [null]]]], class dirties context [false], class mode [null], method dirties context [false].
2014-12-07 14:25:13  [ main:1236 ] - [ DEBUG ]  After test class: context [[TestContext@19762f testClass = ProductTest, testInstance = [null], testMethod = [null], testException = [null], mergedContextConfiguration = [MergedContextConfiguration@9ff0a8 testClass = ProductTest, locations = '{classpath:applicationContext.xml}', classes = '{}', contextInitializerClasses = '[]', activeProfiles = '{}', contextLoader = 'org.springframework.test.context.support.DelegatingSmartContextLoader', parent = [null]]]], dirtiesContext [false].
2014-12-07 14:25:13  [ Thread-1:1242 ] - [ INFO ]  Closing org.springframework.context.support.GenericApplicationContext@1ab11b0: startup date [Sun Dec 07 14:25:13 CST 2014]; root of context hierarchy
2014-12-07 14:25:13  [ Thread-1:1242 ] - [ DEBUG ]  Returning cached instance of singleton bean 'lifecycleProcessor'
2014-12-07 14:25:13  [ Thread-1:1243 ] - [ INFO ]  Destroying singletons in org.springframework.beans.factory.support.DefaultListableBeanFactory@171120a: defining beans [app,propertyConfigurer,dataSource,jdbcTemplate,springJdbcDao,crawPersistence,org.springframework.context.annotation.internalConfigurationAnnotationProcessor,org.springframework.context.annotation.internalAutowiredAnnotationProcessor,org.springframework.context.annotation.internalRequiredAnnotationProcessor,org.springframework.context.annotation.internalCommonAnnotationProcessor,transactionManager,org.springframework.aop.config.internalAutoProxyCreator,org.springframework.transaction.annotation.AnnotationTransactionAttributeSource#0,org.springframework.transaction.interceptor.TransactionInterceptor#0,org.springframework.transaction.config.internalTransactionAdvisor,org.springframework.context.annotation.ConfigurationClassPostProcessor.importAwareProcessor]; root of factory hierarchy
2014-12-07 14:25:13  [ Thread-1:1243 ] - [ DEBUG ]  Retrieved dependent beans for bean 'crawPersistence': [com.gbicc.taocraw.ProductTest]
2014-12-07 14:25:13  [ Thread-1:1244 ] - [ DEBUG ]  Invoking destroy method 'close' on bean with name 'dataSource'
2014-12-07 14:25:13  [ Thread-1:1249 ] - [ INFO ]  {dataSource-1} closed
